<?xml version="1.0" encoding="UTF-8"?>
<testng-results ignored="0" total="1" passed="1" failed="0" skipped="0">
  <reporter-output>
    <line>
      <![CDATA[Entering a value on element Search Field]]>
    </line>
    <line>
      <![CDATA[Submitting a value on element Google Search Button]]>
    </line>
    <line>
      <![CDATA[Capturing a text from element Search Result]]>
    </line>
    <line>
      <![CDATA[My seach number for car is: ]]>
    </line>
    <line>
      <![CDATA[Entering a value on element Search Field]]>
    </line>
    <line>
      <![CDATA[Submitting a value on element Google Search Button]]>
    </line>
    <line>
      <![CDATA[Capturing a text from element Search Result]]>
    </line>
    <line>
      <![CDATA[My seach number for car is: ]]>
    </line>
    <line>
      <![CDATA[Entering a value on element Search Field]]>
    </line>
    <line>
      <![CDATA[Submitting a value on element Google Search Button]]>
    </line>
    <line>
      <![CDATA[Capturing a text from element Search Result]]>
    </line>
    <line>
      <![CDATA[My seach number for car is: ]]>
    </line>
  </reporter-output>
  <suite started-at="2020-05-17T12:51:24 EDT" name="Default Suite" finished-at="2020-05-17T12:51:46 EDT" duration-ms="21768">
    <groups>
    </groups>
    <test started-at="2020-05-17T12:51:24 EDT" name="Maven_Automation" finished-at="2020-05-17T12:51:46 EDT" duration-ms="21768">
      <class name="GoogleSearch_TestNG">
        <test-method is-config="true" signature="callDriver()[pri:0, instance:GoogleSearch_TestNG@243c4f91]" started-at="2020-05-17T12:51:21 EDT" name="callDriver" finished-at="2020-05-17T12:51:24 EDT" duration-ms="3135" status="PASS">
          <reporter-output>
          </reporter-output>
        </test-method> <!-- callDriver -->
        <test-method signature="googleSearch()[pri:0, instance:GoogleSearch_TestNG@243c4f91]" started-at="2020-05-17T12:51:24 EDT" name="googleSearch" finished-at="2020-05-17T12:51:46 EDT" duration-ms="21709" status="PASS">
          <reporter-output>
            <line>
              <![CDATA[Entering a value on element Search Field]]>
            </line>
            <line>
              <![CDATA[Submitting a value on element Google Search Button]]>
            </line>
            <line>
              <![CDATA[Capturing a text from element Search Result]]>
            </line>
            <line>
              <![CDATA[My seach number for car is: ]]>
            </line>
            <line>
              <![CDATA[Entering a value on element Search Field]]>
            </line>
            <line>
              <![CDATA[Submitting a value on element Google Search Button]]>
            </line>
            <line>
              <![CDATA[Capturing a text from element Search Result]]>
            </line>
            <line>
              <![CDATA[My seach number for car is: ]]>
            </line>
            <line>
              <![CDATA[Entering a value on element Search Field]]>
            </line>
            <line>
              <![CDATA[Submitting a value on element Google Search Button]]>
            </line>
            <line>
              <![CDATA[Capturing a text from element Search Result]]>
            </line>
            <line>
              <![CDATA[My seach number for car is: ]]>
            </line>
          </reporter-output>
        </test-method> <!-- googleSearch -->
        <test-method is-config="true" signature="quitDriver()[pri:0, instance:GoogleSearch_TestNG@243c4f91]" started-at="2020-05-17T12:51:46 EDT" name="quitDriver" finished-at="2020-05-17T12:51:46 EDT" duration-ms="147" status="PASS">
          <reporter-output>
          </reporter-output>
        </test-method> <!-- quitDriver -->
      </class> <!-- GoogleSearch_TestNG -->
    </test> <!-- Maven_Automation -->
  </suite> <!-- Default Suite -->
</testng-results>
